
Wed, 27 Jul 2022 19:04:05 +0000 : NO domainId

Wed, 27 Jul 2022 19:04:05 +0000 : NO senderId 

Wed, 27 Jul 2022 19:04:05 +0000 : NO concat 

Wed, 27 Jul 2022 19:04:05 +0000 : Add encoding unicode

Wed, 27 Jul 2022 19:04:05 +0000 : Server Altiria response: OK dest:573106301469


Thu, 28 Jul 2022 07:15:08 +0000 : NO domainId

Thu, 28 Jul 2022 07:15:08 +0000 : NO senderId 

Thu, 28 Jul 2022 07:15:08 +0000 : NO concat 

Thu, 28 Jul 2022 07:15:08 +0000 : Add encoding unicode

Thu, 28 Jul 2022 07:15:08 +0000 : Server Altiria response: OK dest:3106301526


Thu, 28 Jul 2022 07:15:08 +0000 : NO domainId

Thu, 28 Jul 2022 07:15:08 +0000 : NO senderId 

Thu, 28 Jul 2022 07:15:08 +0000 : NO concat 

Thu, 28 Jul 2022 07:15:08 +0000 : Add encoding unicode

Thu, 28 Jul 2022 07:15:09 +0000 : Server Altiria response: OK dest:3106301526


Thu, 28 Jul 2022 07:15:09 +0000 : NO domainId

Thu, 28 Jul 2022 07:15:09 +0000 : NO senderId 

Thu, 28 Jul 2022 07:15:09 +0000 : NO concat 

Thu, 28 Jul 2022 07:15:09 +0000 : Add encoding unicode

Thu, 28 Jul 2022 07:15:09 +0000 : Server Altiria response: OK dest:3106301526


Thu, 28 Jul 2022 07:15:54 +0000 : NO domainId

Thu, 28 Jul 2022 07:15:54 +0000 : NO senderId 

Thu, 28 Jul 2022 07:15:54 +0000 : NO concat 

Thu, 28 Jul 2022 07:15:54 +0000 : Add encoding unicode

Thu, 28 Jul 2022 07:15:54 +0000 : Server Altiria response: OK dest:573106301469


Thu, 28 Jul 2022 07:15:54 +0000 : NO domainId

Thu, 28 Jul 2022 07:15:54 +0000 : NO senderId 

Thu, 28 Jul 2022 07:15:54 +0000 : NO concat 

Thu, 28 Jul 2022 07:15:54 +0000 : Add encoding unicode

Thu, 28 Jul 2022 07:15:55 +0000 : Server Altiria response: OK dest:573106301469


Thu, 28 Jul 2022 07:15:55 +0000 : NO domainId

Thu, 28 Jul 2022 07:15:55 +0000 : NO senderId 

Thu, 28 Jul 2022 07:15:55 +0000 : NO concat 

Thu, 28 Jul 2022 07:15:55 +0000 : Add encoding unicode

Thu, 28 Jul 2022 07:15:55 +0000 : Server Altiria response: OK dest:573106301469


Thu, 28 Jul 2022 07:26:10 +0000 : NO domainId

Thu, 28 Jul 2022 07:26:10 +0000 : NO senderId 

Thu, 28 Jul 2022 07:26:10 +0000 : NO concat 

Thu, 28 Jul 2022 07:26:10 +0000 : Add encoding unicode

Thu, 28 Jul 2022 07:26:10 +0000 : Server Altiria response: OK dest:573106301469


Thu, 28 Jul 2022 07:26:10 +0000 : NO domainId

Thu, 28 Jul 2022 07:26:10 +0000 : NO senderId 

Thu, 28 Jul 2022 07:26:10 +0000 : NO concat 

Thu, 28 Jul 2022 07:26:10 +0000 : Add encoding unicode

Thu, 28 Jul 2022 07:26:10 +0000 : Server Altiria response: OK dest:573106301469


Thu, 28 Jul 2022 07:26:10 +0000 : NO domainId

Thu, 28 Jul 2022 07:26:10 +0000 : NO senderId 

Thu, 28 Jul 2022 07:26:10 +0000 : NO concat 

Thu, 28 Jul 2022 07:26:10 +0000 : Add encoding unicode

Thu, 28 Jul 2022 07:26:11 +0000 : Server Altiria response: OK dest:573106301469


Thu, 28 Jul 2022 07:35:23 +0000 : NO domainId

Thu, 28 Jul 2022 07:35:23 +0000 : NO senderId 

Thu, 28 Jul 2022 07:35:23 +0000 : NO concat 

Thu, 28 Jul 2022 07:35:23 +0000 : Add encoding unicode

Thu, 28 Jul 2022 07:35:24 +0000 : Server Altiria response: OK dest:573106301469


Thu, 28 Jul 2022 07:35:24 +0000 : NO domainId

Thu, 28 Jul 2022 07:35:24 +0000 : NO senderId 

Thu, 28 Jul 2022 07:35:24 +0000 : NO concat 

Thu, 28 Jul 2022 07:35:24 +0000 : Add encoding unicode

Thu, 28 Jul 2022 07:35:24 +0000 : Server Altiria response: OK dest:573106301469


Thu, 28 Jul 2022 07:35:24 +0000 : NO domainId

Thu, 28 Jul 2022 07:35:24 +0000 : NO senderId 

Thu, 28 Jul 2022 07:35:24 +0000 : NO concat 

Thu, 28 Jul 2022 07:35:24 +0000 : Add encoding unicode

Thu, 28 Jul 2022 07:35:24 +0000 : Server Altiria response: OK dest:573106301469


Thu, 28 Jul 2022 07:35:24 +0000 : NO domainId

Thu, 28 Jul 2022 07:35:24 +0000 : NO senderId 

Thu, 28 Jul 2022 07:35:24 +0000 : NO concat 

Thu, 28 Jul 2022 07:35:24 +0000 : Add encoding unicode

Thu, 28 Jul 2022 07:35:25 +0000 : Server Altiria response: OK dest:573106301469


Thu, 28 Jul 2022 07:35:25 +0000 : NO domainId

Thu, 28 Jul 2022 07:35:25 +0000 : NO senderId 

Thu, 28 Jul 2022 07:35:25 +0000 : NO concat 

Thu, 28 Jul 2022 07:35:25 +0000 : Add encoding unicode

Thu, 28 Jul 2022 07:35:25 +0000 : Server Altiria response: OK dest:573106301469


Thu, 28 Jul 2022 07:35:25 +0000 : NO domainId

Thu, 28 Jul 2022 07:35:25 +0000 : NO senderId 

Thu, 28 Jul 2022 07:35:25 +0000 : NO concat 

Thu, 28 Jul 2022 07:35:25 +0000 : Add encoding unicode

Thu, 28 Jul 2022 07:35:25 +0000 : Server Altiria response: OK dest:573106301469


Thu, 28 Jul 2022 07:35:25 +0000 : NO domainId

Thu, 28 Jul 2022 07:35:25 +0000 : NO senderId 

Thu, 28 Jul 2022 07:35:25 +0000 : NO concat 

Thu, 28 Jul 2022 07:35:25 +0000 : Add encoding unicode

Thu, 28 Jul 2022 07:35:26 +0000 : Server Altiria response: OK dest:573106301469


Thu, 28 Jul 2022 07:35:26 +0000 : NO domainId

Thu, 28 Jul 2022 07:35:26 +0000 : NO senderId 

Thu, 28 Jul 2022 07:35:26 +0000 : NO concat 

Thu, 28 Jul 2022 07:35:26 +0000 : Add encoding unicode

Thu, 28 Jul 2022 07:35:26 +0000 : Server Altiria response: OK dest:573106301469


Thu, 28 Jul 2022 07:35:26 +0000 : NO domainId

Thu, 28 Jul 2022 07:35:26 +0000 : NO senderId 

Thu, 28 Jul 2022 07:35:26 +0000 : NO concat 

Thu, 28 Jul 2022 07:35:26 +0000 : Add encoding unicode

Thu, 28 Jul 2022 07:35:27 +0000 : Server Altiria response: OK dest:573106301469


Thu, 28 Jul 2022 07:41:24 +0000 : NO domainId

Thu, 28 Jul 2022 07:41:24 +0000 : NO senderId 

Thu, 28 Jul 2022 07:41:24 +0000 : NO concat 

Thu, 28 Jul 2022 07:41:24 +0000 : Add encoding unicode

Thu, 28 Jul 2022 07:41:24 +0000 : Server Altiria response: OK dest:573106301469


Thu, 28 Jul 2022 07:41:24 +0000 : NO domainId

Thu, 28 Jul 2022 07:41:24 +0000 : NO senderId 

Thu, 28 Jul 2022 07:41:24 +0000 : NO concat 

Thu, 28 Jul 2022 07:41:24 +0000 : Add encoding unicode

Thu, 28 Jul 2022 07:41:24 +0000 : Server Altiria response: OK dest:573106301469


Thu, 28 Jul 2022 07:43:51 +0000 : NO domainId

Thu, 28 Jul 2022 07:43:51 +0000 : NO senderId 

Thu, 28 Jul 2022 07:43:51 +0000 : NO concat 

Thu, 28 Jul 2022 07:43:51 +0000 : Add encoding unicode

Thu, 28 Jul 2022 07:43:51 +0000 : Server Altiria response: OK dest:573106301469


Thu, 28 Jul 2022 07:49:36 +0000 : NO domainId

Thu, 28 Jul 2022 07:49:36 +0000 : NO senderId 

Thu, 28 Jul 2022 07:49:36 +0000 : NO concat 

Thu, 28 Jul 2022 07:49:36 +0000 : Add encoding unicode

Thu, 28 Jul 2022 07:49:37 +0000 : Server Altiria response: OK dest:573106301469


Thu, 28 Jul 2022 07:50:00 +0000 : NO domainId

Thu, 28 Jul 2022 07:50:00 +0000 : NO senderId 

Thu, 28 Jul 2022 07:50:00 +0000 : NO concat 

Thu, 28 Jul 2022 07:50:00 +0000 : Add encoding unicode

Thu, 28 Jul 2022 07:50:00 +0000 : Server Altiria response: OK dest:573106301469


Thu, 28 Jul 2022 07:50:25 +0000 : NO domainId

Thu, 28 Jul 2022 07:50:25 +0000 : NO senderId 

Thu, 28 Jul 2022 07:50:25 +0000 : NO concat 

Thu, 28 Jul 2022 07:50:25 +0000 : Add encoding unicode

Thu, 28 Jul 2022 07:50:25 +0000 : Server Altiria response: OK dest:573106301469

